<?xml version="1.0" encoding="UTF-8"?>
<testsuite name="pl.java_ochnio.addressbook.tests.GroupModificationTests" tests="1" skipped="1" failures="0" errors="0" timestamp="2022-07-22T09:56:19" hostname="LAPTOP-T5U2A0DH" time="0.0">
  <properties/>
  <testcase name="testGroupModification" classname="pl.java_ochnio.addressbook.tests.GroupModificationTests" time="0.0">
    <skipped/>
  </testcase>
  <system-out><![CDATA[]]></system-out>
  <system-err><![CDATA[]]></system-err>
</testsuite>
