<?xml version="1.0" encoding="UTF-8"?>
<testsuite name="pl.java_ochnio.addressbook.tests.GroupCreationTests" tests="4" skipped="4" failures="0" errors="0" timestamp="2022-07-22T09:40:49" hostname="LAPTOP-T5U2A0DH" time="0.068">
  <properties/>
  <testcase name="testBadGroupCreation" classname="pl.java_ochnio.addressbook.tests.GroupCreationTests" time="0.001">
    <skipped/>
  </testcase>
  <testcase name="testGroupCreation[0](GroupData{id='2147483647', name='test 0'})" classname="pl.java_ochnio.addressbook.tests.GroupCreationTests" time="0.0">
    <skipped/>
  </testcase>
  <testcase name="testGroupCreation[1](GroupData{id='2147483647', name='test 1'})" classname="pl.java_ochnio.addressbook.tests.GroupCreationTests" time="0.001">
    <skipped/>
  </testcase>
  <testcase name="testGroupCreation[2](GroupData{id='2147483647', name='test 2'})" classname="pl.java_ochnio.addressbook.tests.GroupCreationTests" time="0.0">
    <skipped/>
  </testcase>
  <system-out><![CDATA[]]></system-out>
  <system-err><![CDATA[]]></system-err>
</testsuite>
